# JRE version: OpenJDK Runtime Environment Temurin-17.0.1+12 (17.0.1+12) (build 17.0.1+12)
# Java VM: OpenJDK 64-Bit Server VM Temurin-17.0.1+12 (17.0.1+12, mixed mode, tiered, compressed oops, compressed class ptrs, parallel gc, windows-amd64)
GC Precious Log:
 CPUs: 6 total, 6 available
 Memory: 15290M
 Large Page Support: Disabled
 NUMA Support: Disabled
 Compressed Oops: Enabled (32-bit)
 Alignments: Space 512K, Generation 512K, Heap 2M
 Heap Min Capacity: 100M
 Heap Initial Capacity: 100M
 Heap Max Capacity: 1G
 Pre-touch: Disabled
 Parallel Workers: 6
Heap:
 PSYoungGen      total 3584K, used 3136K [0x00000000eab00000, 0x00000000eb100000, 0x0000000100000000)
  eden space 1536K, 100% used [0x00000000eab00000,0x00000000eac80000,0x00000000eac80000)
  from space 2048K, 78% used [0x00000000eae80000,0x00000000eb010000,0x00000000eb080000)
  to   space 2048K, 78% used [0x00000000eac80000,0x00000000eae10000,0x00000000eae80000)
 ParOldGen       total 149504K, used 131653K [0x00000000c0000000, 0x00000000c9200000, 0x00000000eab00000)
  object space 149504K, 88% used [0x00000000c0000000,0x00000000c8091490,0x00000000c9200000)
 Metaspace       used 75582K, committed 76608K, reserved 1122304K
  class space    used 7732K, committed 8192K, reserved 1048576K
GC Heap History (20 events):
Event: 285.459 GC heap after
{Heap after GC invocations=613 (full 17):
 PSYoungGen      total 4608K, used 1754K [0x00000000eab00000, 0x00000000eb180000, 0x0000000100000000)
  eden space 2048K, 0% used [0x00000000eab00000,0x00000000eab00000,0x00000000ead00000)
  from space 2560K, 68% used [0x00000000ead00000,0x00000000eaeb6900,0x00000000eaf80000)
  to   space 2048K, 0% used [0x00000000eaf80000,0x00000000eaf80000,0x00000000eb180000)
 ParOldGen       total 149504K, used 120465K [0x00000000c0000000, 0x00000000c9200000, 0x00000000eab00000)
  object space 149504K, 80% used [0x00000000c0000000,0x00000000c75a4680,0x00000000c9200000)
 Metaspace       used 75549K, committed 76608K, reserved 1122304K
  class space    used 7732K, committed 8192K, reserved 1048576K
}
Event: 285.463 GC heap before
{Heap before GC invocations=614 (full 17):
 PSYoungGen      total 4608K, used 3802K [0x00000000eab00000, 0x00000000eb180000, 0x0000000100000000)
  eden space 2048K, 100% used [0x00000000eab00000,0x00000000ead00000,0x00000000ead00000)
  from space 2560K, 68% used [0x00000000ead00000,0x00000000eaeb6900,0x00000000eaf80000)
  to   space 2048K, 0% used [0x00000000eaf80000,0x00000000eaf80000,0x00000000eb180000)
 ParOldGen       total 149504K, used 120465K [0x00000000c0000000, 0x00000000c9200000, 0x00000000eab00000)
  object space 149504K, 80% used [0x00000000c0000000,0x00000000c75a4680,0x00000000c9200000)
 Metaspace       used 75550K, committed 76608K, reserved 1122304K
  class space    used 7732K, committed 8192K, reserved 1048576K
}
Event: 285.465 GC heap after
{Heap after GC invocations=614 (full 17):
 PSYoungGen      total 3584K, used 576K [0x00000000eab00000, 0x00000000eb080000, 0x0000000100000000)
  eden space 2560K, 0% used [0x00000000eab00000,0x00000000eab00000,0x00000000ead80000)
  from space 1024K, 56% used [0x00000000eaf80000,0x00000000eb010000,0x00000000eb080000)
  to   space 1536K, 0% used [0x00000000ead80000,0x00000000ead80000,0x00000000eaf00000)
 ParOldGen       total 149504K, used 122186K [0x00000000c0000000, 0x00000000c9200000, 0x00000000eab00000)
  object space 149504K, 81% used [0x00000000c0000000,0x00000000c7752a50,0x00000000c9200000)
 Metaspace       used 75550K, committed 76608K, reserved 1122304K
  class space    used 7732K, committed 8192K, reserved 1048576K
}
Event: 285.470 GC heap before
{Heap before GC invocations=615 (full 17):
 PSYoungGen      total 3584K, used 3136K [0x00000000eab00000, 0x00000000eb080000, 0x0000000100000000)
  eden space 2560K, 100% used [0x00000000eab00000,0x00000000ead80000,0x00000000ead80000)
  from space 1024K, 56% used [0x00000000eaf80000,0x00000000eb010000,0x00000000eb080000)
  to   space 1536K, 0% used [0x00000000ead80000,0x00000000ead80000,0x00000000eaf00000)
 ParOldGen       total 149504K, used 122186K [0x00000000c0000000, 0x00000000c9200000, 0x00000000eab00000)
  object space 149504K, 81% used [0x00000000c0000000,0x00000000c7752a50,0x00000000c9200000)
 Metaspace       used 75551K, committed 76608K, reserved 1122304K
  class space    used 7732K, committed 8192K, reserved 1048576K
}
Event: 285.471 GC heap after
{Heap after GC invocations=615 (full 17):
 PSYoungGen      total 4096K, used 916K [0x00000000eab00000, 0x00000000eb000000, 0x0000000100000000)
  eden space 2560K, 0% used [0x00000000eab00000,0x00000000eab00000,0x00000000ead80000)
  from space 1536K, 59% used [0x00000000ead80000,0x00000000eae65200,0x00000000eaf00000)
  to   space 1024K, 0% used [0x00000000eaf00000,0x00000000eaf00000,0x00000000eb000000)
 ParOldGen       total 149504K, used 122674K [0x00000000c0000000, 0x00000000c9200000, 0x00000000eab00000)
  object space 149504K, 82% used [0x00000000c0000000,0x00000000c77cca50,0x00000000c9200000)
 Metaspace       used 75551K, committed 76608K, reserved 1122304K
  class space    used 7732K, committed 8192K, reserved 1048576K
}
Event: 285.760 GC heap before
{Heap before GC invocations=616 (full 17):
 PSYoungGen      total 4096K, used 3476K [0x00000000eab00000, 0x00000000eb000000, 0x0000000100000000)
  eden space 2560K, 99% used [0x00000000eab00000,0x00000000ead7ffb8,0x00000000ead80000)
  from space 1536K, 59% used [0x00000000ead80000,0x00000000eae65200,0x00000000eaf00000)
  to   space 1024K, 0% used [0x00000000eaf00000,0x00000000eaf00000,0x00000000eb000000)
 ParOldGen       total 149504K, used 122674K [0x00000000c0000000, 0x00000000c9200000, 0x00000000eab00000)
  object space 149504K, 82% used [0x00000000c0000000,0x00000000c77cca50,0x00000000c9200000)
 Metaspace       used 75555K, committed 76608K, reserved 1122304K
  class space    used 7732K, committed 8192K, reserved 1048576K
}
Event: 285.761 GC heap after
{Heap after GC invocations=616 (full 17):
 PSYoungGen      total 4096K, used 288K [0x00000000eab00000, 0x00000000eb000000, 0x0000000100000000)
  eden space 3072K, 0% used [0x00000000eab00000,0x00000000eab00000,0x00000000eae00000)
  from space 1024K, 28% used [0x00000000eaf00000,0x00000000eaf48000,0x00000000eb000000)
  to   space 1024K, 0% used [0x00000000eae00000,0x00000000eae00000,0x00000000eaf00000)
 ParOldGen       total 149504K, used 123479K [0x00000000c0000000, 0x00000000c9200000, 0x00000000eab00000)
  object space 149504K, 82% used [0x00000000c0000000,0x00000000c7895c70,0x00000000c9200000)
 Metaspace       used 75555K, committed 76608K, reserved 1122304K
  class space    used 7732K, committed 8192K, reserved 1048576K
}
Event: 285.789 GC heap before
{Heap before GC invocations=617 (full 17):
 PSYoungGen      total 4096K, used 3360K [0x00000000eab00000, 0x00000000eb000000, 0x0000000100000000)
  eden space 3072K, 100% used [0x00000000eab00000,0x00000000eae00000,0x00000000eae00000)
  from space 1024K, 28% used [0x00000000eaf00000,0x00000000eaf48000,0x00000000eb000000)
  to   space 1024K, 0% used [0x00000000eae00000,0x00000000eae00000,0x00000000eaf00000)
 ParOldGen       total 149504K, used 123479K [0x00000000c0000000, 0x00000000c9200000, 0x00000000eab00000)
  object space 149504K, 82% used [0x00000000c0000000,0x00000000c7895c70,0x00000000c9200000)
 Metaspace       used 75581K, committed 76608K, reserved 1122304K
  class space    used 7732K, committed 8192K, reserved 1048576K
}
Event: 285.790 GC heap after
{Heap after GC invocations=617 (full 17):
 PSYoungGen      total 4096K, used 973K [0x00000000eab00000, 0x00000000eb100000, 0x0000000100000000)
  eden space 3072K, 0% used [0x00000000eab00000,0x00000000eab00000,0x00000000eae00000)
  from space 1024K, 95% used [0x00000000eae00000,0x00000000eaef3528,0x00000000eaf00000)
  to   space 1536K, 0% used [0x00000000eaf80000,0x00000000eaf80000,0x00000000eb100000)
 ParOldGen       total 149504K, used 124416K [0x00000000c0000000, 0x00000000c9200000, 0x00000000eab00000)
  object space 149504K, 83% used [0x00000000c0000000,0x00000000c79801a8,0x00000000c9200000)
 Metaspace       used 75581K, committed 76608K, reserved 1122304K
  class space    used 7732K, committed 8192K, reserved 1048576K
}
Event: 285.800 GC heap before
{Heap before GC invocations=618 (full 17):
 PSYoungGen      total 4096K, used 4045K [0x00000000eab00000, 0x00000000eb100000, 0x0000000100000000)
  eden space 3072K, 100% used [0x00000000eab00000,0x00000000eae00000,0x00000000eae00000)
  from space 1024K, 95% used [0x00000000eae00000,0x00000000eaef3528,0x00000000eaf00000)
  to   space 1536K, 0% used [0x00000000eaf80000,0x00000000eaf80000,0x00000000eb100000)
 ParOldGen       total 149504K, used 124416K [0x00000000c0000000, 0x00000000c9200000, 0x00000000eab00000)
  object space 149504K, 83% used [0x00000000c0000000,0x00000000c79801a8,0x00000000c9200000)
 Metaspace       used 75582K, committed 76608K, reserved 1122304K
  class space    used 7732K, committed 8192K, reserved 1048576K
}
Event: 285.802 GC heap after
{Heap after GC invocations=618 (full 17):
 PSYoungGen      total 2048K, used 1536K [0x00000000eab00000, 0x00000000eb800000, 0x0000000100000000)
  eden space 512K, 0% used [0x00000000eab00000,0x00000000eab00000,0x00000000eab80000)
  from space 1536K, 100% used [0x00000000eaf80000,0x00000000eb100000,0x00000000eb100000)
  to   space 4096K, 0% used [0x00000000eab80000,0x00000000eab80000,0x00000000eaf80000)
 ParOldGen       total 149504K, used 126597K [0x00000000c0000000, 0x00000000c9200000, 0x00000000eab00000)
  object space 149504K, 84% used [0x00000000c0000000,0x00000000c7ba1490,0x00000000c9200000)
 Metaspace       used 75582K, committed 76608K, reserved 1122304K
  class space    used 7732K, committed 8192K, reserved 1048576K
}
Event: 285.803 GC heap before
{Heap before GC invocations=619 (full 17):
 PSYoungGen      total 2048K, used 2047K [0x00000000eab00000, 0x00000000eb800000, 0x0000000100000000)
  eden space 512K, 99% used [0x00000000eab00000,0x00000000eab7ff78,0x00000000eab80000)
  from space 1536K, 100% used [0x00000000eaf80000,0x00000000eb100000,0x00000000eb100000)
  to   space 4096K, 0% used [0x00000000eab80000,0x00000000eab80000,0x00000000eaf80000)
 ParOldGen       total 149504K, used 126597K [0x00000000c0000000, 0x00000000c9200000, 0x00000000eab00000)
  object space 149504K, 84% used [0x00000000c0000000,0x00000000c7ba1490,0x00000000c9200000)
 Metaspace       used 75582K, committed 76608K, reserved 1122304K
  class space    used 7732K, committed 8192K, reserved 1048576K
}
Event: 285.805 GC heap after
{Heap after GC invocations=619 (full 17):
 PSYoungGen      total 1536K, used 576K [0x00000000eab00000, 0x00000000eb000000, 0x0000000100000000)
  eden space 512K, 0% used [0x00000000eab00000,0x00000000eab00000,0x00000000eab80000)
  from space 1024K, 56% used [0x00000000eab80000,0x00000000eac10000,0x00000000eac80000)
  to   space 2048K, 0% used [0x00000000eae00000,0x00000000eae00000,0x00000000eb000000)
 ParOldGen       total 149504K, used 128133K [0x00000000c0000000, 0x00000000c9200000, 0x00000000eab00000)
  object space 149504K, 85% used [0x00000000c0000000,0x00000000c7d21490,0x00000000c9200000)
 Metaspace       used 75582K, committed 76608K, reserved 1122304K
  class space    used 7732K, committed 8192K, reserved 1048576K
}
Event: 285.806 GC heap before
{Heap before GC invocations=620 (full 17):
 PSYoungGen      total 1536K, used 1088K [0x00000000eab00000, 0x00000000eb000000, 0x0000000100000000)
  eden space 512K, 100% used [0x00000000eab00000,0x00000000eab80000,0x00000000eab80000)
  from space 1024K, 56% used [0x00000000eab80000,0x00000000eac10000,0x00000000eac80000)
  to   space 2048K, 0% used [0x00000000eae00000,0x00000000eae00000,0x00000000eb000000)
 ParOldGen       total 149504K, used 128133K [0x00000000c0000000, 0x00000000c9200000, 0x00000000eab00000)
  object space 149504K, 85% used [0x00000000c0000000,0x00000000c7d21490,0x00000000c9200000)
 Metaspace       used 75582K, committed 76608K, reserved 1122304K
  class space    used 7732K, committed 8192K, reserved 1048576K
}
Event: 285.808 GC heap after
{Heap after GC invocations=620 (full 17):
 PSYoungGen      total 1536K, used 512K [0x00000000eab00000, 0x00000000eae80000, 0x0000000100000000)
  eden space 1024K, 0% used [0x00000000eab00000,0x00000000eab00000,0x00000000eac00000)
  from space 512K, 100% used [0x00000000eae00000,0x00000000eae80000,0x00000000eae80000)
  to   space 1024K, 0% used [0x00000000eac80000,0x00000000eac80000,0x00000000ead80000)
 ParOldGen       total 149504K, used 128605K [0x00000000c0000000, 0x00000000c9200000, 0x00000000eab00000)
  object space 149504K, 86% used [0x00000000c0000000,0x00000000c7d97490,0x00000000c9200000)
 Metaspace       used 75582K, committed 76608K, reserved 1122304K
  class space    used 7732K, committed 8192K, reserved 1048576K
}
Event: 285.811 GC heap before
{Heap before GC invocations=621 (full 17):
 PSYoungGen      total 1536K, used 1536K [0x00000000eab00000, 0x00000000eae80000, 0x0000000100000000)
  eden space 1024K, 100% used [0x00000000eab00000,0x00000000eac00000,0x00000000eac00000)
  from space 512K, 100% used [0x00000000eae00000,0x00000000eae80000,0x00000000eae80000)
  to   space 1024K, 0% used [0x00000000eac80000,0x00000000eac80000,0x00000000ead80000)
 ParOldGen       total 149504K, used 128605K [0x00000000c0000000, 0x00000000c9200000, 0x00000000eab00000)
  object space 149504K, 86% used [0x00000000c0000000,0x00000000c7d97490,0x00000000c9200000)
 Metaspace       used 75582K, committed 76608K, reserved 1122304K
  class space    used 7732K, committed 8192K, reserved 1048576K
}
Event: 285.812 GC heap after
{Heap after GC invocations=621 (full 17):
 PSYoungGen      total 2560K, used 1024K [0x00000000eab00000, 0x00000000eb080000, 0x0000000100000000)
  eden space 1536K, 0% used [0x00000000eab00000,0x00000000eab00000,0x00000000eac80000)
  from space 1024K, 100% used [0x00000000eac80000,0x00000000ead80000,0x00000000ead80000)
  to   space 2048K, 0% used [0x00000000eae80000,0x00000000eae80000,0x00000000eb080000)
 ParOldGen       total 149504K, used 129117K [0x00000000c0000000, 0x00000000c9200000, 0x00000000eab00000)
  object space 149504K, 86% used [0x00000000c0000000,0x00000000c7e17490,0x00000000c9200000)
 Metaspace       used 75582K, committed 76608K, reserved 1122304K
  class space    used 7732K, committed 8192K, reserved 1048576K
}
Event: 285.814 GC heap before
{Heap before GC invocations=622 (full 17):
 PSYoungGen      total 2560K, used 2560K [0x00000000eab00000, 0x00000000eb080000, 0x0000000100000000)
  eden space 1536K, 100% used [0x00000000eab00000,0x00000000eac80000,0x00000000eac80000)
  from space 1024K, 100% used [0x00000000eac80000,0x00000000ead80000,0x00000000ead80000)
  to   space 2048K, 0% used [0x00000000eae80000,0x00000000eae80000,0x00000000eb080000)
 ParOldGen       total 149504K, used 129117K [0x00000000c0000000, 0x00000000c9200000, 0x00000000eab00000)
  object space 149504K, 86% used [0x00000000c0000000,0x00000000c7e17490,0x00000000c9200000)
 Metaspace       used 75582K, committed 76608K, reserved 1122304K
  class space    used 7732K, committed 8192K, reserved 1048576K
}
Event: 285.817 GC heap after
{Heap after GC invocations=622 (full 17):
 PSYoungGen      total 3584K, used 1600K [0x00000000eab00000, 0x00000000eb100000, 0x0000000100000000)
  eden space 1536K, 0% used [0x00000000eab00000,0x00000000eab00000,0x00000000eac80000)
  from space 2048K, 78% used [0x00000000eae80000,0x00000000eb010000,0x00000000eb080000)
  to   space 2048K, 0% used [0x00000000eac80000,0x00000000eac80000,0x00000000eae80000)
 ParOldGen       total 149504K, used 130117K [0x00000000c0000000, 0x00000000c9200000, 0x00000000eab00000)
  object space 149504K, 87% used [0x00000000c0000000,0x00000000c7f11490,0x00000000c9200000)
 Metaspace       used 75582K, committed 76608K, reserved 1122304K
  class space    used 7732K, committed 8192K, reserved 1048576K
}
Event: 285.820 GC heap before
{Heap before GC invocations=623 (full 17):
 PSYoungGen      total 3584K, used 3136K [0x00000000eab00000, 0x00000000eb100000, 0x0000000100000000)
  eden space 1536K, 100% used [0x00000000eab00000,0x00000000eac80000,0x00000000eac80000)
  from space 2048K, 78% used [0x00000000eae80000,0x00000000eb010000,0x00000000eb080000)
  to   space 2048K, 0% used [0x00000000eac80000,0x00000000eac80000,0x00000000eae80000)
 ParOldGen       total 149504K, used 130117K [0x00000000c0000000, 0x00000000c9200000, 0x00000000eab00000)
  object space 149504K, 87% used [0x00000000c0000000,0x00000000c7f11490,0x00000000c9200000)
 Metaspace       used 75582K, committed 76608K, reserved 1122304K
  class space    used 7732K, committed 8192K, reserved 1048576K
}

