# JRE version: OpenJDK Runtime Environment Temurin-17.0.1+12 (17.0.1+12) (build 17.0.1+12)
# Java VM: OpenJDK 64-Bit Server VM Temurin-17.0.1+12 (17.0.1+12, mixed mode, tiered, compressed oops, compressed class ptrs, parallel gc, windows-amd64)
GC Precious Log:
 CPUs: 6 total, 6 available
 Memory: 15290M
 Large Page Support: Disabled
 NUMA Support: Disabled
 Compressed Oops: Enabled (32-bit)
 Alignments: Space 512K, Generation 512K, Heap 2M
 Heap Min Capacity: 100M
 Heap Initial Capacity: 100M
 Heap Max Capacity: 1G
 Pre-touch: Disabled
 Parallel Workers: 6
Heap:
 PSYoungGen      total 2048K, used 2040K [0x00000000eab00000, 0x00000000eb200000, 0x0000000100000000)
  eden space 1536K, 100% used [0x00000000eab00000,0x00000000eac80000,0x00000000eac80000)
  from space 512K, 98% used [0x00000000eaf00000,0x00000000eaf7e000,0x00000000eaf80000)
  to   space 2560K, 63% used [0x00000000eac80000,0x00000000eae14000,0x00000000eaf00000)
 ParOldGen       total 123904K, used 120802K [0x00000000c0000000, 0x00000000c7900000, 0x00000000eab00000)
  object space 123904K, 97% used [0x00000000c0000000,0x00000000c75f8bf0,0x00000000c7900000)
 Metaspace       used 85662K, committed 86656K, reserved 1130496K
  class space    used 8571K, committed 9024K, reserved 1048576K
GC Heap History (20 events):
Event: 685.180 GC heap after
{Heap after GC invocations=2652 (full 103):
 PSYoungGen      total 4096K, used 1568K [0x00000000eab00000, 0x00000000eb100000, 0x0000000100000000)
  eden space 1536K, 0% used [0x00000000eab00000,0x00000000eab00000,0x00000000eac80000)
  from space 2560K, 61% used [0x00000000eac80000,0x00000000eae08000,0x00000000eaf00000)
  to   space 2048K, 0% used [0x00000000eaf00000,0x00000000eaf00000,0x00000000eb100000)
 ParOldGen       total 123904K, used 105418K [0x00000000c0000000, 0x00000000c7900000, 0x00000000eab00000)
  object space 123904K, 85% used [0x00000000c0000000,0x00000000c66f2bf0,0x00000000c7900000)
 Metaspace       used 85662K, committed 86656K, reserved 1130496K
  class space    used 8571K, committed 9024K, reserved 1048576K
}
Event: 685.182 GC heap before
{Heap before GC invocations=2653 (full 103):
 PSYoungGen      total 4096K, used 3104K [0x00000000eab00000, 0x00000000eb100000, 0x0000000100000000)
  eden space 1536K, 100% used [0x00000000eab00000,0x00000000eac80000,0x00000000eac80000)
  from space 2560K, 61% used [0x00000000eac80000,0x00000000eae08000,0x00000000eaf00000)
  to   space 2048K, 0% used [0x00000000eaf00000,0x00000000eaf00000,0x00000000eb100000)
 ParOldGen       total 123904K, used 105418K [0x00000000c0000000, 0x00000000c7900000, 0x00000000eab00000)
  object space 123904K, 85% used [0x00000000c0000000,0x00000000c66f2bf0,0x00000000c7900000)
 Metaspace       used 85662K, committed 86656K, reserved 1130496K
  class space    used 8571K, committed 9024K, reserved 1048576K
}
Event: 685.187 GC heap after
{Heap after GC invocations=2653 (full 103):
 PSYoungGen      total 4096K, used 1600K [0x00000000eab00000, 0x00000000eb100000, 0x0000000100000000)
  eden space 2048K, 0% used [0x00000000eab00000,0x00000000eab00000,0x00000000ead00000)
  from space 2048K, 78% used [0x00000000eaf00000,0x00000000eb090000,0x00000000eb100000)
  to   space 2048K, 0% used [0x00000000ead00000,0x00000000ead00000,0x00000000eaf00000)
 ParOldGen       total 123904K, used 106954K [0x00000000c0000000, 0x00000000c7900000, 0x00000000eab00000)
  object space 123904K, 86% used [0x00000000c0000000,0x00000000c6872bf0,0x00000000c7900000)
 Metaspace       used 85662K, committed 86656K, reserved 1130496K
  class space    used 8571K, committed 9024K, reserved 1048576K
}
Event: 685.189 GC heap before
{Heap before GC invocations=2654 (full 103):
 PSYoungGen      total 4096K, used 3648K [0x00000000eab00000, 0x00000000eb100000, 0x0000000100000000)
  eden space 2048K, 100% used [0x00000000eab00000,0x00000000ead00000,0x00000000ead00000)
  from space 2048K, 78% used [0x00000000eaf00000,0x00000000eb090000,0x00000000eb100000)
  to   space 2048K, 0% used [0x00000000ead00000,0x00000000ead00000,0x00000000eaf00000)
 ParOldGen       total 123904K, used 106954K [0x00000000c0000000, 0x00000000c7900000, 0x00000000eab00000)
  object space 123904K, 86% used [0x00000000c0000000,0x00000000c6872bf0,0x00000000c7900000)
 Metaspace       used 85662K, committed 86656K, reserved 1130496K
  class space    used 8571K, committed 9024K, reserved 1048576K
}
Event: 685.195 GC heap after
{Heap after GC invocations=2654 (full 103):
 PSYoungGen      total 4096K, used 2048K [0x00000000eab00000, 0x00000000eb580000, 0x0000000100000000)
  eden space 2048K, 0% used [0x00000000eab00000,0x00000000eab00000,0x00000000ead00000)
  from space 2048K, 100% used [0x00000000ead00000,0x00000000eaf00000,0x00000000eaf00000)
  to   space 4096K, 0% used [0x00000000eb180000,0x00000000eb180000,0x00000000eb580000)
 ParOldGen       total 123904K, used 108498K [0x00000000c0000000, 0x00000000c7900000, 0x00000000eab00000)
  object space 123904K, 87% used [0x00000000c0000000,0x00000000c69f4bf0,0x00000000c7900000)
 Metaspace       used 85662K, committed 86656K, reserved 1130496K
  class space    used 8571K, committed 9024K, reserved 1048576K
}
Event: 685.201 GC heap before
{Heap before GC invocations=2655 (full 103):
 PSYoungGen      total 4096K, used 4096K [0x00000000eab00000, 0x00000000eb580000, 0x0000000100000000)
  eden space 2048K, 100% used [0x00000000eab00000,0x00000000ead00000,0x00000000ead00000)
  from space 2048K, 100% used [0x00000000ead00000,0x00000000eaf00000,0x00000000eaf00000)
  to   space 4096K, 0% used [0x00000000eb180000,0x00000000eb180000,0x00000000eb580000)
 ParOldGen       total 123904K, used 108498K [0x00000000c0000000, 0x00000000c7900000, 0x00000000eab00000)
  object space 123904K, 87% used [0x00000000c0000000,0x00000000c69f4bf0,0x00000000c7900000)
 Metaspace       used 85662K, committed 86656K, reserved 1130496K
  class space    used 8571K, committed 9024K, reserved 1048576K
}
Event: 685.207 GC heap after
{Heap after GC invocations=2655 (full 103):
 PSYoungGen      total 5120K, used 2144K [0x00000000eab00000, 0x00000000eb400000, 0x0000000100000000)
  eden space 2560K, 0% used [0x00000000eab00000,0x00000000eab00000,0x00000000ead80000)
  from space 2560K, 83% used [0x00000000eb180000,0x00000000eb398000,0x00000000eb400000)
  to   space 3072K, 0% used [0x00000000eae00000,0x00000000eae00000,0x00000000eb100000)
 ParOldGen       total 123904K, used 110530K [0x00000000c0000000, 0x00000000c7900000, 0x00000000eab00000)
  object space 123904K, 89% used [0x00000000c0000000,0x00000000c6bf0bf0,0x00000000c7900000)
 Metaspace       used 85662K, committed 86656K, reserved 1130496K
  class space    used 8571K, committed 9024K, reserved 1048576K
}
Event: 685.214 GC heap before
{Heap before GC invocations=2656 (full 103):
 PSYoungGen      total 5120K, used 4704K [0x00000000eab00000, 0x00000000eb400000, 0x0000000100000000)
  eden space 2560K, 100% used [0x00000000eab00000,0x00000000ead80000,0x00000000ead80000)
  from space 2560K, 83% used [0x00000000eb180000,0x00000000eb398000,0x00000000eb400000)
  to   space 3072K, 0% used [0x00000000eae00000,0x00000000eae00000,0x00000000eb100000)
 ParOldGen       total 123904K, used 110530K [0x00000000c0000000, 0x00000000c7900000, 0x00000000eab00000)
  object space 123904K, 89% used [0x00000000c0000000,0x00000000c6bf0bf0,0x00000000c7900000)
 Metaspace       used 85662K, committed 86656K, reserved 1130496K
  class space    used 8571K, committed 9024K, reserved 1048576K
}
Event: 685.221 GC heap after
{Heap after GC invocations=2656 (full 103):
 PSYoungGen      total 6144K, used 2656K [0x00000000eab00000, 0x00000000eb400000, 0x0000000100000000)
  eden space 3072K, 0% used [0x00000000eab00000,0x00000000eab00000,0x00000000eae00000)
  from space 3072K, 86% used [0x00000000eae00000,0x00000000eb098000,0x00000000eb100000)
  to   space 3072K, 0% used [0x00000000eb100000,0x00000000eb100000,0x00000000eb400000)
 ParOldGen       total 123904K, used 112578K [0x00000000c0000000, 0x00000000c7900000, 0x00000000eab00000)
  object space 123904K, 90% used [0x00000000c0000000,0x00000000c6df0bf0,0x00000000c7900000)
 Metaspace       used 85662K, committed 86656K, reserved 1130496K
  class space    used 8571K, committed 9024K, reserved 1048576K
}
Event: 685.225 GC heap before
{Heap before GC invocations=2657 (full 103):
 PSYoungGen      total 6144K, used 5728K [0x00000000eab00000, 0x00000000eb400000, 0x0000000100000000)
  eden space 3072K, 100% used [0x00000000eab00000,0x00000000eae00000,0x00000000eae00000)
  from space 3072K, 86% used [0x00000000eae00000,0x00000000eb098000,0x00000000eb100000)
  to   space 3072K, 0% used [0x00000000eb100000,0x00000000eb100000,0x00000000eb400000)
 ParOldGen       total 123904K, used 112578K [0x00000000c0000000, 0x00000000c7900000, 0x00000000eab00000)
  object space 123904K, 90% used [0x00000000c0000000,0x00000000c6df0bf0,0x00000000c7900000)
 Metaspace       used 85662K, committed 86656K, reserved 1130496K
  class space    used 8571K, committed 9024K, reserved 1048576K
}
Event: 685.233 GC heap after
{Heap after GC invocations=2657 (full 103):
 PSYoungGen      total 3584K, used 3072K [0x00000000eab00000, 0x00000000ebc00000, 0x0000000100000000)
  eden space 512K, 0% used [0x00000000eab00000,0x00000000eab00000,0x00000000eab80000)
  from space 3072K, 100% used [0x00000000eb100000,0x00000000eb400000,0x00000000eb400000)
  to   space 5632K, 0% used [0x00000000eab80000,0x00000000eab80000,0x00000000eb100000)
 ParOldGen       total 123904K, used 115162K [0x00000000c0000000, 0x00000000c7900000, 0x00000000eab00000)
  object space 123904K, 92% used [0x00000000c0000000,0x00000000c7076bf0,0x00000000c7900000)
 Metaspace       used 85662K, committed 86656K, reserved 1130496K
  class space    used 8571K, committed 9024K, reserved 1048576K
}
Event: 685.237 GC heap before
{Heap before GC invocations=2658 (full 103):
 PSYoungGen      total 3584K, used 3584K [0x00000000eab00000, 0x00000000ebc00000, 0x0000000100000000)
  eden space 512K, 100% used [0x00000000eab00000,0x00000000eab80000,0x00000000eab80000)
  from space 3072K, 100% used [0x00000000eb100000,0x00000000eb400000,0x00000000eb400000)
  to   space 5632K, 0% used [0x00000000eab80000,0x00000000eab80000,0x00000000eb100000)
 ParOldGen       total 123904K, used 115162K [0x00000000c0000000, 0x00000000c7900000, 0x00000000eab00000)
  object space 123904K, 92% used [0x00000000c0000000,0x00000000c7076bf0,0x00000000c7900000)
 Metaspace       used 85662K, committed 86656K, reserved 1130496K
  class space    used 8571K, committed 9024K, reserved 1048576K
}
Event: 685.243 GC heap after
{Heap after GC invocations=2658 (full 103):
 PSYoungGen      total 1536K, used 544K [0x00000000eab00000, 0x00000000eb180000, 0x0000000100000000)
  eden space 512K, 0% used [0x00000000eab00000,0x00000000eab00000,0x00000000eab80000)
  from space 1024K, 53% used [0x00000000eab80000,0x00000000eac08000,0x00000000eac80000)
  to   space 2560K, 0% used [0x00000000eaf00000,0x00000000eaf00000,0x00000000eb180000)
 ParOldGen       total 123904K, used 118242K [0x00000000c0000000, 0x00000000c7900000, 0x00000000eab00000)
  object space 123904K, 95% used [0x00000000c0000000,0x00000000c7378bf0,0x00000000c7900000)
 Metaspace       used 85662K, committed 86656K, reserved 1130496K
  class space    used 8571K, committed 9024K, reserved 1048576K
}
Event: 685.244 GC heap before
{Heap before GC invocations=2659 (full 103):
 PSYoungGen      total 1536K, used 1055K [0x00000000eab00000, 0x00000000eb180000, 0x0000000100000000)
  eden space 512K, 99% used [0x00000000eab00000,0x00000000eab7ffa0,0x00000000eab80000)
  from space 1024K, 53% used [0x00000000eab80000,0x00000000eac08000,0x00000000eac80000)
  to   space 2560K, 0% used [0x00000000eaf00000,0x00000000eaf00000,0x00000000eb180000)
 ParOldGen       total 123904K, used 118242K [0x00000000c0000000, 0x00000000c7900000, 0x00000000eab00000)
  object space 123904K, 95% used [0x00000000c0000000,0x00000000c7378bf0,0x00000000c7900000)
 Metaspace       used 85662K, committed 86656K, reserved 1130496K
  class space    used 8571K, committed 9024K, reserved 1048576K
}
Event: 685.247 GC heap after
{Heap after GC invocations=2659 (full 103):
 PSYoungGen      total 2048K, used 576K [0x00000000eab00000, 0x00000000eb000000, 0x0000000100000000)
  eden space 1024K, 0% used [0x00000000eab00000,0x00000000eab00000,0x00000000eac00000)
  from space 1024K, 56% used [0x00000000eaf00000,0x00000000eaf90000,0x00000000eb000000)
  to   space 1024K, 0% used [0x00000000eae00000,0x00000000eae00000,0x00000000eaf00000)
 ParOldGen       total 123904K, used 118746K [0x00000000c0000000, 0x00000000c7900000, 0x00000000eab00000)
  object space 123904K, 95% used [0x00000000c0000000,0x00000000c73f6bf0,0x00000000c7900000)
 Metaspace       used 85662K, committed 86656K, reserved 1130496K
  class space    used 8571K, committed 9024K, reserved 1048576K
}
Event: 685.248 GC heap before
{Heap before GC invocations=2660 (full 103):
 PSYoungGen      total 2048K, used 1600K [0x00000000eab00000, 0x00000000eb000000, 0x0000000100000000)
  eden space 1024K, 100% used [0x00000000eab00000,0x00000000eac00000,0x00000000eac00000)
  from space 1024K, 56% used [0x00000000eaf00000,0x00000000eaf90000,0x00000000eb000000)
  to   space 1024K, 0% used [0x00000000eae00000,0x00000000eae00000,0x00000000eaf00000)
 ParOldGen       total 123904K, used 118746K [0x00000000c0000000, 0x00000000c7900000, 0x00000000eab00000)
  object space 123904K, 95% used [0x00000000c0000000,0x00000000c73f6bf0,0x00000000c7900000)
 Metaspace       used 85662K, committed 86656K, reserved 1130496K
  class space    used 8571K, committed 9024K, reserved 1048576K
}
Event: 685.251 GC heap after
{Heap after GC invocations=2660 (full 103):
 PSYoungGen      total 2560K, used 991K [0x00000000eab00000, 0x00000000eaf80000, 0x0000000100000000)
  eden space 1536K, 0% used [0x00000000eab00000,0x00000000eab00000,0x00000000eac80000)
  from space 1024K, 96% used [0x00000000eae00000,0x00000000eaef7c00,0x00000000eaf00000)
  to   space 512K, 0% used [0x00000000eaf00000,0x00000000eaf00000,0x00000000eaf80000)
 ParOldGen       total 123904K, used 119250K [0x00000000c0000000, 0x00000000c7900000, 0x00000000eab00000)
  object space 123904K, 96% used [0x00000000c0000000,0x00000000c7474bf0,0x00000000c7900000)
 Metaspace       used 85662K, committed 86656K, reserved 1130496K
  class space    used 8571K, committed 9024K, reserved 1048576K
}
Event: 685.258 GC heap before
{Heap before GC invocations=2661 (full 103):
 PSYoungGen      total 2560K, used 2527K [0x00000000eab00000, 0x00000000eaf80000, 0x0000000100000000)
  eden space 1536K, 100% used [0x00000000eab00000,0x00000000eac80000,0x00000000eac80000)
  from space 1024K, 96% used [0x00000000eae00000,0x00000000eaef7c00,0x00000000eaf00000)
  to   space 512K, 0% used [0x00000000eaf00000,0x00000000eaf00000,0x00000000eaf80000)
 ParOldGen       total 123904K, used 119250K [0x00000000c0000000, 0x00000000c7900000, 0x00000000eab00000)
  object space 123904K, 96% used [0x00000000c0000000,0x00000000c7474bf0,0x00000000c7900000)
 Metaspace       used 85662K, committed 86656K, reserved 1130496K
  class space    used 8571K, committed 9024K, reserved 1048576K
}
Event: 685.260 GC heap after
{Heap after GC invocations=2661 (full 103):
 PSYoungGen      total 2048K, used 504K [0x00000000eab00000, 0x00000000eb200000, 0x0000000100000000)
  eden space 1536K, 0% used [0x00000000eab00000,0x00000000eab00000,0x00000000eac80000)
  from space 512K, 98% used [0x00000000eaf00000,0x00000000eaf7e000,0x00000000eaf80000)
  to   space 2560K, 0% used [0x00000000eac80000,0x00000000eac80000,0x00000000eaf00000)
 ParOldGen       total 123904K, used 120802K [0x00000000c0000000, 0x00000000c7900000, 0x00000000eab00000)
  object space 123904K, 97% used [0x00000000c0000000,0x00000000c75f8bf0,0x00000000c7900000)
 Metaspace       used 85662K, committed 86656K, reserved 1130496K
  class space    used 8571K, committed 9024K, reserved 1048576K
}
Event: 685.267 GC heap before
{Heap before GC invocations=2662 (full 103):
 PSYoungGen      total 2048K, used 2040K [0x00000000eab00000, 0x00000000eb200000, 0x0000000100000000)
  eden space 1536K, 100% used [0x00000000eab00000,0x00000000eac80000,0x00000000eac80000)
  from space 512K, 98% used [0x00000000eaf00000,0x00000000eaf7e000,0x00000000eaf80000)
  to   space 2560K, 0% used [0x00000000eac80000,0x00000000eac80000,0x00000000eaf00000)
 ParOldGen       total 123904K, used 120802K [0x00000000c0000000, 0x00000000c7900000, 0x00000000eab00000)
  object space 123904K, 97% used [0x00000000c0000000,0x00000000c75f8bf0,0x00000000c7900000)
 Metaspace       used 85662K, committed 86656K, reserved 1130496K
  class space    used 8571K, committed 9024K, reserved 1048576K
}

