# JRE version: OpenJDK Runtime Environment Temurin-17.0.1+12 (17.0.1+12) (build 17.0.1+12)
# Java VM: OpenJDK 64-Bit Server VM Temurin-17.0.1+12 (17.0.1+12, mixed mode, tiered, compressed oops, compressed class ptrs, parallel gc, windows-amd64)
GC Precious Log:
 CPUs: 6 total, 6 available
 Memory: 15290M
 Large Page Support: Disabled
 NUMA Support: Disabled
 Compressed Oops: Enabled (32-bit)
 Alignments: Space 512K, Generation 512K, Heap 2M
 Heap Min Capacity: 100M
 Heap Initial Capacity: 100M
 Heap Max Capacity: 1G
 Pre-touch: Disabled
 Parallel Workers: 6
Heap:
 PSYoungGen      total 5120K, used 5120K [0x00000000eab00000, 0x00000000ec900000, 0x0000000100000000)
  eden space 2048K, 100% used [0x00000000eab00000,0x00000000ead00000,0x00000000ead00000)
  from space 3072K, 100% used [0x00000000eb880000,0x00000000ebb80000,0x00000000ebb80000)
  to   space 11776K, 16% used [0x00000000ead00000,0x00000000eaee8000,0x00000000eb880000)
 ParOldGen       total 224256K, used 192067K [0x00000000c0000000, 0x00000000cdb00000, 0x00000000eab00000)
  object space 224256K, 85% used [0x00000000c0000000,0x00000000cbb90e40,0x00000000cdb00000)
 Metaspace       used 95408K, committed 96448K, reserved 1138688K
  class space    used 9344K, committed 9792K, reserved 1048576K
GC Heap History (20 events):
Event: 46254.357 GC heap after
{Heap after GC invocations=12175 (full 320):
 PSYoungGen      total 12288K, used 538K [0x00000000eab00000, 0x00000000eb800000, 0x0000000100000000)
  eden space 10240K, 0% used [0x00000000eab00000,0x00000000eab00000,0x00000000eb500000)
  from space 2048K, 26% used [0x00000000eb500000,0x00000000eb586900,0x00000000eb700000)
  to   space 1024K, 0% used [0x00000000eb700000,0x00000000eb700000,0x00000000eb800000)
 ParOldGen       total 224256K, used 166781K [0x00000000c0000000, 0x00000000cdb00000, 0x00000000eab00000)
  object space 224256K, 74% used [0x00000000c0000000,0x00000000ca2df5c8,0x00000000cdb00000)
 Metaspace       used 95405K, committed 96448K, reserved 1138688K
  class space    used 9344K, committed 9792K, reserved 1048576K
}
Event: 46254.645 GC heap before
{Heap before GC invocations=12176 (full 320):
 PSYoungGen      total 12288K, used 10778K [0x00000000eab00000, 0x00000000eb800000, 0x0000000100000000)
  eden space 10240K, 100% used [0x00000000eab00000,0x00000000eb500000,0x00000000eb500000)
  from space 2048K, 26% used [0x00000000eb500000,0x00000000eb586900,0x00000000eb700000)
  to   space 1024K, 0% used [0x00000000eb700000,0x00000000eb700000,0x00000000eb800000)
 ParOldGen       total 224256K, used 166781K [0x00000000c0000000, 0x00000000cdb00000, 0x00000000eab00000)
  object space 224256K, 74% used [0x00000000c0000000,0x00000000ca2df5c8,0x00000000cdb00000)
 Metaspace       used 95405K, committed 96448K, reserved 1138688K
  class space    used 9344K, committed 9792K, reserved 1048576K
}
Event: 46254.647 GC heap after
{Heap after GC invocations=12176 (full 320):
 PSYoungGen      total 8192K, used 996K [0x00000000eab00000, 0x00000000ebf00000, 0x0000000100000000)
  eden space 7168K, 0% used [0x00000000eab00000,0x00000000eab00000,0x00000000eb200000)
  from space 1024K, 97% used [0x00000000eb700000,0x00000000eb7f9350,0x00000000eb800000)
  to   space 5120K, 0% used [0x00000000eb200000,0x00000000eb200000,0x00000000eb700000)
 ParOldGen       total 224256K, used 169813K [0x00000000c0000000, 0x00000000cdb00000, 0x00000000eab00000)
  object space 224256K, 75% used [0x00000000c0000000,0x00000000ca5d5718,0x00000000cdb00000)
 Metaspace       used 95405K, committed 96448K, reserved 1138688K
  class space    used 9344K, committed 9792K, reserved 1048576K
}
Event: 46254.658 GC heap before
{Heap before GC invocations=12177 (full 320):
 PSYoungGen      total 8192K, used 8164K [0x00000000eab00000, 0x00000000ebf00000, 0x0000000100000000)
  eden space 7168K, 100% used [0x00000000eab00000,0x00000000eb200000,0x00000000eb200000)
  from space 1024K, 97% used [0x00000000eb700000,0x00000000eb7f9350,0x00000000eb800000)
  to   space 5120K, 0% used [0x00000000eb200000,0x00000000eb200000,0x00000000eb700000)
 ParOldGen       total 224256K, used 169813K [0x00000000c0000000, 0x00000000cdb00000, 0x00000000eab00000)
  object space 224256K, 75% used [0x00000000c0000000,0x00000000ca5d5718,0x00000000cdb00000)
 Metaspace       used 95405K, committed 96448K, reserved 1138688K
  class space    used 9344K, committed 9792K, reserved 1048576K
}
Event: 46254.662 GC heap after
{Heap after GC invocations=12177 (full 320):
 PSYoungGen      total 8192K, used 826K [0x00000000eab00000, 0x00000000eb780000, 0x0000000100000000)
  eden space 7168K, 0% used [0x00000000eab00000,0x00000000eab00000,0x00000000eb200000)
  from space 1024K, 80% used [0x00000000eb200000,0x00000000eb2ce900,0x00000000eb300000)
  to   space 2048K, 0% used [0x00000000eb580000,0x00000000eb580000,0x00000000eb780000)
 ParOldGen       total 224256K, used 170450K [0x00000000c0000000, 0x00000000cdb00000, 0x00000000eab00000)
  object space 224256K, 76% used [0x00000000c0000000,0x00000000ca674900,0x00000000cdb00000)
 Metaspace       used 95405K, committed 96448K, reserved 1138688K
  class space    used 9344K, committed 9792K, reserved 1048576K
}
Event: 46254.859 GC heap before
{Heap before GC invocations=12178 (full 320):
 PSYoungGen      total 8192K, used 7994K [0x00000000eab00000, 0x00000000eb780000, 0x0000000100000000)
  eden space 7168K, 100% used [0x00000000eab00000,0x00000000eb200000,0x00000000eb200000)
  from space 1024K, 80% used [0x00000000eb200000,0x00000000eb2ce900,0x00000000eb300000)
  to   space 2048K, 0% used [0x00000000eb580000,0x00000000eb580000,0x00000000eb780000)
 ParOldGen       total 224256K, used 170450K [0x00000000c0000000, 0x00000000cdb00000, 0x00000000eab00000)
  object space 224256K, 76% used [0x00000000c0000000,0x00000000ca674900,0x00000000cdb00000)
 Metaspace       used 95405K, committed 96448K, reserved 1138688K
  class space    used 9344K, committed 9792K, reserved 1048576K
}
Event: 46254.862 GC heap after
{Heap after GC invocations=12178 (full 320):
 PSYoungGen      total 8704K, used 1134K [0x00000000eab00000, 0x00000000eb700000, 0x0000000100000000)
  eden space 7168K, 0% used [0x00000000eab00000,0x00000000eab00000,0x00000000eb200000)
  from space 1536K, 73% used [0x00000000eb580000,0x00000000eb69bb00,0x00000000eb700000)
  to   space 1536K, 0% used [0x00000000eb400000,0x00000000eb400000,0x00000000eb580000)
 ParOldGen       total 224256K, used 171138K [0x00000000c0000000, 0x00000000cdb00000, 0x00000000eab00000)
  object space 224256K, 76% used [0x00000000c0000000,0x00000000ca720900,0x00000000cdb00000)
 Metaspace       used 95405K, committed 96448K, reserved 1138688K
  class space    used 9344K, committed 9792K, reserved 1048576K
}
Event: 46254.874 GC heap before
{Heap before GC invocations=12179 (full 320):
 PSYoungGen      total 8704K, used 8302K [0x00000000eab00000, 0x00000000eb700000, 0x0000000100000000)
  eden space 7168K, 100% used [0x00000000eab00000,0x00000000eb200000,0x00000000eb200000)
  from space 1536K, 73% used [0x00000000eb580000,0x00000000eb69bb00,0x00000000eb700000)
  to   space 1536K, 0% used [0x00000000eb400000,0x00000000eb400000,0x00000000eb580000)
 ParOldGen       total 224256K, used 171138K [0x00000000c0000000, 0x00000000cdb00000, 0x00000000eab00000)
  object space 224256K, 76% used [0x00000000c0000000,0x00000000ca720900,0x00000000cdb00000)
 Metaspace       used 95406K, committed 96448K, reserved 1138688K
  class space    used 9344K, committed 9792K, reserved 1048576K
}
Event: 46254.875 GC heap after
{Heap after GC invocations=12179 (full 320):
 PSYoungGen      total 8192K, used 628K [0x00000000eab00000, 0x00000000eb600000, 0x0000000100000000)
  eden space 7168K, 0% used [0x00000000eab00000,0x00000000eab00000,0x00000000eb200000)
  from space 1024K, 61% used [0x00000000eb400000,0x00000000eb49d200,0x00000000eb500000)
  to   space 1024K, 0% used [0x00000000eb500000,0x00000000eb500000,0x00000000eb600000)
 ParOldGen       total 224256K, used 171910K [0x00000000c0000000, 0x00000000cdb00000, 0x00000000eab00000)
  object space 224256K, 76% used [0x00000000c0000000,0x00000000ca7e1ae8,0x00000000cdb00000)
 Metaspace       used 95406K, committed 96448K, reserved 1138688K
  class space    used 9344K, committed 9792K, reserved 1048576K
}
Event: 46255.297 GC heap before
{Heap before GC invocations=12180 (full 320):
 PSYoungGen      total 8192K, used 7796K [0x00000000eab00000, 0x00000000eb600000, 0x0000000100000000)
  eden space 7168K, 100% used [0x00000000eab00000,0x00000000eb200000,0x00000000eb200000)
  from space 1024K, 61% used [0x00000000eb400000,0x00000000eb49d200,0x00000000eb500000)
  to   space 1024K, 0% used [0x00000000eb500000,0x00000000eb500000,0x00000000eb600000)
 ParOldGen       total 224256K, used 171910K [0x00000000c0000000, 0x00000000cdb00000, 0x00000000eab00000)
  object space 224256K, 76% used [0x00000000c0000000,0x00000000ca7e1ae8,0x00000000cdb00000)
 Metaspace       used 95406K, committed 96448K, reserved 1138688K
  class space    used 9344K, committed 9792K, reserved 1048576K
}
Event: 46255.298 GC heap after
{Heap after GC invocations=12180 (full 320):
 PSYoungGen      total 8192K, used 910K [0x00000000eab00000, 0x00000000eb600000, 0x0000000100000000)
  eden space 7168K, 0% used [0x00000000eab00000,0x00000000eab00000,0x00000000eb200000)
  from space 1024K, 88% used [0x00000000eb500000,0x00000000eb5e3b00,0x00000000eb600000)
  to   space 1024K, 0% used [0x00000000eb400000,0x00000000eb400000,0x00000000eb500000)
 ParOldGen       total 224256K, used 171910K [0x00000000c0000000, 0x00000000cdb00000, 0x00000000eab00000)
  object space 224256K, 76% used [0x00000000c0000000,0x00000000ca7e1ae8,0x00000000cdb00000)
 Metaspace       used 95406K, committed 96448K, reserved 1138688K
  class space    used 9344K, committed 9792K, reserved 1048576K
}
Event: 46255.307 GC heap before
{Heap before GC invocations=12181 (full 320):
 PSYoungGen      total 8192K, used 8078K [0x00000000eab00000, 0x00000000eb600000, 0x0000000100000000)
  eden space 7168K, 100% used [0x00000000eab00000,0x00000000eb200000,0x00000000eb200000)
  from space 1024K, 88% used [0x00000000eb500000,0x00000000eb5e3b00,0x00000000eb600000)
  to   space 1024K, 0% used [0x00000000eb400000,0x00000000eb400000,0x00000000eb500000)
 ParOldGen       total 224256K, used 171910K [0x00000000c0000000, 0x00000000cdb00000, 0x00000000eab00000)
  object space 224256K, 76% used [0x00000000c0000000,0x00000000ca7e1ae8,0x00000000cdb00000)
 Metaspace       used 95406K, committed 96448K, reserved 1138688K
  class space    used 9344K, committed 9792K, reserved 1048576K
}
Event: 46255.310 GC heap after
{Heap after GC invocations=12181 (full 320):
 PSYoungGen      total 8192K, used 992K [0x00000000eab00000, 0x00000000ec400000, 0x0000000100000000)
  eden space 7168K, 0% used [0x00000000eab00000,0x00000000eab00000,0x00000000eb200000)
  from space 1024K, 96% used [0x00000000eb400000,0x00000000eb4f82a0,0x00000000eb500000)
  to   space 9216K, 0% used [0x00000000ebb00000,0x00000000ebb00000,0x00000000ec400000)
 ParOldGen       total 224256K, used 178791K [0x00000000c0000000, 0x00000000cdb00000, 0x00000000eab00000)
  object space 224256K, 79% used [0x00000000c0000000,0x00000000cae99ed0,0x00000000cdb00000)
 Metaspace       used 95406K, committed 96448K, reserved 1138688K
  class space    used 9344K, committed 9792K, reserved 1048576K
}
Event: 46255.382 GC heap before
{Heap before GC invocations=12182 (full 320):
 PSYoungGen      total 8192K, used 8160K [0x00000000eab00000, 0x00000000ec400000, 0x0000000100000000)
  eden space 7168K, 100% used [0x00000000eab00000,0x00000000eb200000,0x00000000eb200000)
  from space 1024K, 96% used [0x00000000eb400000,0x00000000eb4f82a0,0x00000000eb500000)
  to   space 9216K, 0% used [0x00000000ebb00000,0x00000000ebb00000,0x00000000ec400000)
 ParOldGen       total 224256K, used 178791K [0x00000000c0000000, 0x00000000cdb00000, 0x00000000eab00000)
  object space 224256K, 79% used [0x00000000c0000000,0x00000000cae99ed0,0x00000000cdb00000)
 Metaspace       used 95406K, committed 96448K, reserved 1138688K
  class space    used 9344K, committed 9792K, reserved 1048576K
}
Event: 46255.383 GC heap after
{Heap after GC invocations=12182 (full 320):
 PSYoungGen      total 9728K, used 2195K [0x00000000eab00000, 0x00000000ebd80000, 0x0000000100000000)
  eden space 7168K, 0% used [0x00000000eab00000,0x00000000eab00000,0x00000000eb200000)
  from space 2560K, 85% used [0x00000000ebb00000,0x00000000ebd24d10,0x00000000ebd80000)
  to   space 4608K, 0% used [0x00000000eb480000,0x00000000eb480000,0x00000000eb900000)
 ParOldGen       total 224256K, used 179816K [0x00000000c0000000, 0x00000000cdb00000, 0x00000000eab00000)
  object space 224256K, 80% used [0x00000000c0000000,0x00000000caf9a170,0x00000000cdb00000)
 Metaspace       used 95406K, committed 96448K, reserved 1138688K
  class space    used 9344K, committed 9792K, reserved 1048576K
}
Event: 46255.489 GC heap before
{Heap before GC invocations=12183 (full 320):
 PSYoungGen      total 9728K, used 9363K [0x00000000eab00000, 0x00000000ebd80000, 0x0000000100000000)
  eden space 7168K, 100% used [0x00000000eab00000,0x00000000eb200000,0x00000000eb200000)
  from space 2560K, 85% used [0x00000000ebb00000,0x00000000ebd24d10,0x00000000ebd80000)
  to   space 4608K, 0% used [0x00000000eb480000,0x00000000eb480000,0x00000000eb900000)
 ParOldGen       total 224256K, used 179816K [0x00000000c0000000, 0x00000000cdb00000, 0x00000000eab00000)
  object space 224256K, 80% used [0x00000000c0000000,0x00000000caf9a170,0x00000000cdb00000)
 Metaspace       used 95408K, committed 96448K, reserved 1138688K
  class space    used 9344K, committed 9792K, reserved 1048576K
}
Event: 46255.492 GC heap after
{Heap after GC invocations=12183 (full 320):
 PSYoungGen      total 11264K, used 3770K [0x00000000eab00000, 0x00000000ebb80000, 0x0000000100000000)
  eden space 7168K, 0% used [0x00000000eab00000,0x00000000eab00000,0x00000000eb200000)
  from space 4096K, 92% used [0x00000000eb480000,0x00000000eb82ea50,0x00000000eb880000)
  to   space 3072K, 0% used [0x00000000eb880000,0x00000000eb880000,0x00000000ebb80000)
 ParOldGen       total 224256K, used 181593K [0x00000000c0000000, 0x00000000cdb00000, 0x00000000eab00000)
  object space 224256K, 80% used [0x00000000c0000000,0x00000000cb156558,0x00000000cdb00000)
 Metaspace       used 95408K, committed 96448K, reserved 1138688K
  class space    used 9344K, committed 9792K, reserved 1048576K
}
Event: 46255.502 GC heap before
{Heap before GC invocations=12184 (full 320):
 PSYoungGen      total 11264K, used 10938K [0x00000000eab00000, 0x00000000ebb80000, 0x0000000100000000)
  eden space 7168K, 100% used [0x00000000eab00000,0x00000000eb200000,0x00000000eb200000)
  from space 4096K, 92% used [0x00000000eb480000,0x00000000eb82ea50,0x00000000eb880000)
  to   space 3072K, 0% used [0x00000000eb880000,0x00000000eb880000,0x00000000ebb80000)
 ParOldGen       total 224256K, used 181593K [0x00000000c0000000, 0x00000000cdb00000, 0x00000000eab00000)
  object space 224256K, 80% used [0x00000000c0000000,0x00000000cb156558,0x00000000cdb00000)
 Metaspace       used 95408K, committed 96448K, reserved 1138688K
  class space    used 9344K, committed 9792K, reserved 1048576K
}
Event: 46255.507 GC heap after
{Heap after GC invocations=12184 (full 320):
 PSYoungGen      total 5120K, used 3072K [0x00000000eab00000, 0x00000000ec900000, 0x0000000100000000)
  eden space 2048K, 0% used [0x00000000eab00000,0x00000000eab00000,0x00000000ead00000)
  from space 3072K, 100% used [0x00000000eb880000,0x00000000ebb80000,0x00000000ebb80000)
  to   space 11776K, 0% used [0x00000000ead00000,0x00000000ead00000,0x00000000eb880000)
 ParOldGen       total 224256K, used 188947K [0x00000000c0000000, 0x00000000cdb00000, 0x00000000eab00000)
  object space 224256K, 84% used [0x00000000c0000000,0x00000000cb884fa8,0x00000000cdb00000)
 Metaspace       used 95408K, committed 96448K, reserved 1138688K
  class space    used 9344K, committed 9792K, reserved 1048576K
}
Event: 46255.511 GC heap before
{Heap before GC invocations=12185 (full 320):
 PSYoungGen      total 5120K, used 5120K [0x00000000eab00000, 0x00000000ec900000, 0x0000000100000000)
  eden space 2048K, 100% used [0x00000000eab00000,0x00000000ead00000,0x00000000ead00000)
  from space 3072K, 100% used [0x00000000eb880000,0x00000000ebb80000,0x00000000ebb80000)
  to   space 11776K, 0% used [0x00000000ead00000,0x00000000ead00000,0x00000000eb880000)
 ParOldGen       total 224256K, used 188947K [0x00000000c0000000, 0x00000000cdb00000, 0x00000000eab00000)
  object space 224256K, 84% used [0x00000000c0000000,0x00000000cb884fa8,0x00000000cdb00000)
 Metaspace       used 95408K, committed 96448K, reserved 1138688K
  class space    used 9344K, committed 9792K, reserved 1048576K
}

