# JRE version: OpenJDK Runtime Environment Temurin-17.0.1+12 (17.0.1+12) (build 17.0.1+12)
# Java VM: OpenJDK 64-Bit Server VM Temurin-17.0.1+12 (17.0.1+12, mixed mode, tiered, compressed oops, compressed class ptrs, parallel gc, windows-amd64)
GC Precious Log:
 CPUs: 6 total, 6 available
 Memory: 15290M
 Large Page Support: Disabled
 NUMA Support: Disabled
 Compressed Oops: Enabled (32-bit)
 Alignments: Space 512K, Generation 512K, Heap 2M
 Heap Min Capacity: 100M
 Heap Initial Capacity: 100M
 Heap Max Capacity: 1G
 Pre-touch: Disabled
 Parallel Workers: 6
Heap:
 PSYoungGen      total 8704K, used 7808K [0x00000000eab00000, 0x00000000eb680000, 0x0000000100000000)
  eden space 5120K, 100% used [0x00000000eab00000,0x00000000eb000000,0x00000000eb000000)
  from space 3584K, 75% used [0x00000000eb300000,0x00000000eb5a0000,0x00000000eb680000)
  to   space 3072K, 100% used [0x00000000eb000000,0x00000000eb300000,0x00000000eb300000)
 ParOldGen       total 225792K, used 176805K [0x00000000c0000000, 0x00000000cdc80000, 0x00000000eab00000)
  object space 225792K, 78% used [0x00000000c0000000,0x00000000caca94e8,0x00000000cdc80000)
 Metaspace       used 90476K, committed 91520K, reserved 1138688K
  class space    used 8737K, committed 9216K, reserved 1048576K
GC Heap History (20 events):
Event: 11749.109 GC heap after
{Heap after GC invocations=10409 (full 337):
 PSYoungGen      total 9216K, used 1312K [0x00000000eab00000, 0x00000000eb780000, 0x0000000100000000)
  eden space 7680K, 0% used [0x00000000eab00000,0x00000000eab00000,0x00000000eb280000)
  from space 1536K, 85% used [0x00000000eb500000,0x00000000eb648010,0x00000000eb680000)
  to   space 1024K, 0% used [0x00000000eb680000,0x00000000eb680000,0x00000000eb780000)
 ParOldGen       total 225280K, used 201931K [0x00000000c0000000, 0x00000000cdc00000, 0x00000000eab00000)
  object space 225280K, 89% used [0x00000000c0000000,0x00000000cc532ff0,0x00000000cdc00000)
 Metaspace       used 90465K, committed 91520K, reserved 1138688K
  class space    used 8735K, committed 9216K, reserved 1048576K
}
Event: 11749.116 GC heap before
{Heap before GC invocations=10410 (full 337):
 PSYoungGen      total 9216K, used 8210K [0x00000000eab00000, 0x00000000eb780000, 0x0000000100000000)
  eden space 7680K, 89% used [0x00000000eab00000,0x00000000eb1bcb60,0x00000000eb280000)
  from space 1536K, 85% used [0x00000000eb500000,0x00000000eb648010,0x00000000eb680000)
  to   space 1024K, 0% used [0x00000000eb680000,0x00000000eb680000,0x00000000eb780000)
 ParOldGen       total 225280K, used 201931K [0x00000000c0000000, 0x00000000cdc00000, 0x00000000eab00000)
  object space 225280K, 89% used [0x00000000c0000000,0x00000000cc532ff0,0x00000000cdc00000)
 Metaspace       used 90465K, committed 91520K, reserved 1138688K
  class space    used 8735K, committed 9216K, reserved 1048576K
}
Event: 11749.118 GC heap after
{Heap after GC invocations=10410 (full 337):
 PSYoungGen      total 8192K, used 160K [0x00000000eab00000, 0x00000000eb700000, 0x0000000100000000)
  eden space 7680K, 0% used [0x00000000eab00000,0x00000000eab00000,0x00000000eb280000)
  from space 512K, 31% used [0x00000000eb680000,0x00000000eb6a8000,0x00000000eb700000)
  to   space 1024K, 0% used [0x00000000eb500000,0x00000000eb500000,0x00000000eb600000)
 ParOldGen       total 225280K, used 204112K [0x00000000c0000000, 0x00000000cdc00000, 0x00000000eab00000)
  object space 225280K, 90% used [0x00000000c0000000,0x00000000cc754100,0x00000000cdc00000)
 Metaspace       used 90465K, committed 91520K, reserved 1138688K
  class space    used 8735K, committed 9216K, reserved 1048576K
}
Event: 11749.289 GC heap before
{Heap before GC invocations=10411 (full 337):
 PSYoungGen      total 8192K, used 7840K [0x00000000eab00000, 0x00000000eb700000, 0x0000000100000000)
  eden space 7680K, 100% used [0x00000000eab00000,0x00000000eb280000,0x00000000eb280000)
  from space 512K, 31% used [0x00000000eb680000,0x00000000eb6a8000,0x00000000eb700000)
  to   space 1024K, 0% used [0x00000000eb500000,0x00000000eb500000,0x00000000eb600000)
 ParOldGen       total 225280K, used 204112K [0x00000000c0000000, 0x00000000cdc00000, 0x00000000eab00000)
  object space 225280K, 90% used [0x00000000c0000000,0x00000000cc754100,0x00000000cdc00000)
 Metaspace       used 90467K, committed 91520K, reserved 1138688K
  class space    used 8735K, committed 9216K, reserved 1048576K
}
Event: 11749.291 GC heap after
{Heap after GC invocations=10411 (full 337):
 PSYoungGen      total 8704K, used 1008K [0x00000000eab00000, 0x00000000eb980000, 0x0000000100000000)
  eden space 7680K, 0% used [0x00000000eab00000,0x00000000eab00000,0x00000000eb280000)
  from space 1024K, 98% used [0x00000000eb500000,0x00000000eb5fc0a0,0x00000000eb600000)
  to   space 3584K, 0% used [0x00000000eb600000,0x00000000eb600000,0x00000000eb980000)
 ParOldGen       total 225280K, used 205912K [0x00000000c0000000, 0x00000000cdc00000, 0x00000000eab00000)
  object space 225280K, 91% used [0x00000000c0000000,0x00000000cc9161a8,0x00000000cdc00000)
 Metaspace       used 90467K, committed 91520K, reserved 1138688K
  class space    used 8735K, committed 9216K, reserved 1048576K
}
Event: 11749.771 GC heap before
{Heap before GC invocations=10412 (full 338):
 PSYoungGen      total 8704K, used 8688K [0x00000000eab00000, 0x00000000eb980000, 0x0000000100000000)
  eden space 7680K, 100% used [0x00000000eab00000,0x00000000eb280000,0x00000000eb280000)
  from space 1024K, 98% used [0x00000000eb500000,0x00000000eb5fc0a0,0x00000000eb600000)
  to   space 3584K, 0% used [0x00000000eb600000,0x00000000eb600000,0x00000000eb980000)
 ParOldGen       total 237056K, used 236632K [0x00000000c0000000, 0x00000000ce780000, 0x00000000eab00000)
  object space 237056K, 99% used [0x00000000c0000000,0x00000000ce7161d8,0x00000000ce780000)
 Metaspace       used 90467K, committed 91520K, reserved 1138688K
  class space    used 8735K, committed 9216K, reserved 1048576K
}
Event: 11749.848 GC heap after
{Heap after GC invocations=10412 (full 338):
 PSYoungGen      total 11264K, used 0K [0x00000000eab00000, 0x00000000eb980000, 0x0000000100000000)
  eden space 7680K, 0% used [0x00000000eab00000,0x00000000eab00000,0x00000000eb280000)
  from space 3584K, 0% used [0x00000000eb600000,0x00000000eb600000,0x00000000eb980000)
  to   space 3584K, 0% used [0x00000000eb280000,0x00000000eb280000,0x00000000eb600000)
 ParOldGen       total 225792K, used 164741K [0x00000000c0000000, 0x00000000cdc80000, 0x00000000eab00000)
  object space 225792K, 72% used [0x00000000c0000000,0x00000000ca0e1610,0x00000000cdc80000)
 Metaspace       used 90467K, committed 91520K, reserved 1138688K
  class space    used 8735K, committed 9216K, reserved 1048576K
}
Event: 11749.861 GC heap before
{Heap before GC invocations=10413 (full 338):
 PSYoungGen      total 11264K, used 7678K [0x00000000eab00000, 0x00000000eb980000, 0x0000000100000000)
  eden space 7680K, 99% used [0x00000000eab00000,0x00000000eb27f988,0x00000000eb280000)
  from space 3584K, 0% used [0x00000000eb600000,0x00000000eb600000,0x00000000eb980000)
  to   space 3584K, 0% used [0x00000000eb280000,0x00000000eb280000,0x00000000eb600000)
 ParOldGen       total 225792K, used 164741K [0x00000000c0000000, 0x00000000cdc80000, 0x00000000eab00000)
  object space 225792K, 72% used [0x00000000c0000000,0x00000000ca0e1610,0x00000000cdc80000)
 Metaspace       used 90467K, committed 91520K, reserved 1138688K
  class space    used 8735K, committed 9216K, reserved 1048576K
}
Event: 11749.862 GC heap after
{Heap after GC invocations=10413 (full 338):
 PSYoungGen      total 9216K, used 1066K [0x00000000eab00000, 0x00000000eb680000, 0x0000000100000000)
  eden space 7680K, 0% used [0x00000000eab00000,0x00000000eab00000,0x00000000eb280000)
  from space 1536K, 69% used [0x00000000eb280000,0x00000000eb38a910,0x00000000eb400000)
  to   space 2048K, 0% used [0x00000000eb480000,0x00000000eb480000,0x00000000eb680000)
 ParOldGen       total 225792K, used 164741K [0x00000000c0000000, 0x00000000cdc80000, 0x00000000eab00000)
  object space 225792K, 72% used [0x00000000c0000000,0x00000000ca0e1610,0x00000000cdc80000)
 Metaspace       used 90467K, committed 91520K, reserved 1138688K
  class space    used 8735K, committed 9216K, reserved 1048576K
}
Event: 11749.875 GC heap before
{Heap before GC invocations=10414 (full 338):
 PSYoungGen      total 9216K, used 8746K [0x00000000eab00000, 0x00000000eb680000, 0x0000000100000000)
  eden space 7680K, 100% used [0x00000000eab00000,0x00000000eb280000,0x00000000eb280000)
  from space 1536K, 69% used [0x00000000eb280000,0x00000000eb38a910,0x00000000eb400000)
  to   space 2048K, 0% used [0x00000000eb480000,0x00000000eb480000,0x00000000eb680000)
 ParOldGen       total 225792K, used 164741K [0x00000000c0000000, 0x00000000cdc80000, 0x00000000eab00000)
  object space 225792K, 72% used [0x00000000c0000000,0x00000000ca0e1610,0x00000000cdc80000)
 Metaspace       used 90467K, committed 91520K, reserved 1138688K
  class space    used 8735K, committed 9216K, reserved 1048576K
}
Event: 11749.876 GC heap after
{Heap after GC invocations=10414 (full 338):
 PSYoungGen      total 8704K, used 736K [0x00000000eab00000, 0x00000000eb580000, 0x0000000100000000)
  eden space 7680K, 0% used [0x00000000eab00000,0x00000000eab00000,0x00000000eb280000)
  from space 1024K, 71% used [0x00000000eb480000,0x00000000eb538000,0x00000000eb580000)
  to   space 1024K, 0% used [0x00000000eb380000,0x00000000eb380000,0x00000000eb480000)
 ParOldGen       total 225792K, used 165147K [0x00000000c0000000, 0x00000000cdc80000, 0x00000000eab00000)
  object space 225792K, 73% used [0x00000000c0000000,0x00000000ca146d90,0x00000000cdc80000)
 Metaspace       used 90467K, committed 91520K, reserved 1138688K
  class space    used 8735K, committed 9216K, reserved 1048576K
}
Event: 11749.890 GC heap before
{Heap before GC invocations=10415 (full 338):
 PSYoungGen      total 8704K, used 8416K [0x00000000eab00000, 0x00000000eb580000, 0x0000000100000000)
  eden space 7680K, 100% used [0x00000000eab00000,0x00000000eb280000,0x00000000eb280000)
  from space 1024K, 71% used [0x00000000eb480000,0x00000000eb538000,0x00000000eb580000)
  to   space 1024K, 0% used [0x00000000eb380000,0x00000000eb380000,0x00000000eb480000)
 ParOldGen       total 225792K, used 165147K [0x00000000c0000000, 0x00000000cdc80000, 0x00000000eab00000)
  object space 225792K, 73% used [0x00000000c0000000,0x00000000ca146d90,0x00000000cdc80000)
 Metaspace       used 90467K, committed 91520K, reserved 1138688K
  class space    used 8735K, committed 9216K, reserved 1048576K
}
Event: 11749.891 GC heap after
{Heap after GC invocations=10415 (full 338):
 PSYoungGen      total 8704K, used 996K [0x00000000eab00000, 0x00000000eb580000, 0x0000000100000000)
  eden space 7680K, 0% used [0x00000000eab00000,0x00000000eab00000,0x00000000eb280000)
  from space 1024K, 97% used [0x00000000eb380000,0x00000000eb479210,0x00000000eb480000)
  to   space 1024K, 0% used [0x00000000eb480000,0x00000000eb480000,0x00000000eb580000)
 ParOldGen       total 225792K, used 165403K [0x00000000c0000000, 0x00000000cdc80000, 0x00000000eab00000)
  object space 225792K, 73% used [0x00000000c0000000,0x00000000ca186d90,0x00000000cdc80000)
 Metaspace       used 90467K, committed 91520K, reserved 1138688K
  class space    used 8735K, committed 9216K, reserved 1048576K
}
Event: 11750.188 GC heap before
{Heap before GC invocations=10416 (full 338):
 PSYoungGen      total 8704K, used 8676K [0x00000000eab00000, 0x00000000eb580000, 0x0000000100000000)
  eden space 7680K, 100% used [0x00000000eab00000,0x00000000eb280000,0x00000000eb280000)
  from space 1024K, 97% used [0x00000000eb380000,0x00000000eb479210,0x00000000eb480000)
  to   space 1024K, 0% used [0x00000000eb480000,0x00000000eb480000,0x00000000eb580000)
 ParOldGen       total 225792K, used 165403K [0x00000000c0000000, 0x00000000cdc80000, 0x00000000eab00000)
  object space 225792K, 73% used [0x00000000c0000000,0x00000000ca186d90,0x00000000cdc80000)
 Metaspace       used 90476K, committed 91520K, reserved 1138688K
  class space    used 8737K, committed 9216K, reserved 1048576K
}
Event: 11750.191 GC heap after
{Heap after GC invocations=10416 (full 338):
 PSYoungGen      total 5632K, used 1019K [0x00000000eab00000, 0x00000000ebc80000, 0x0000000100000000)
  eden space 4608K, 0% used [0x00000000eab00000,0x00000000eab00000,0x00000000eaf80000)
  from space 1024K, 99% used [0x00000000eb480000,0x00000000eb57eca0,0x00000000eb580000)
  to   space 5120K, 0% used [0x00000000eaf80000,0x00000000eaf80000,0x00000000eb480000)
 ParOldGen       total 225792K, used 168892K [0x00000000c0000000, 0x00000000cdc80000, 0x00000000eab00000)
  object space 225792K, 74% used [0x00000000c0000000,0x00000000ca4ef128,0x00000000cdc80000)
 Metaspace       used 90476K, committed 91520K, reserved 1138688K
  class space    used 8737K, committed 9216K, reserved 1048576K
}
Event: 11750.194 GC heap before
{Heap before GC invocations=10417 (full 338):
 PSYoungGen      total 5632K, used 5627K [0x00000000eab00000, 0x00000000ebc80000, 0x0000000100000000)
  eden space 4608K, 100% used [0x00000000eab00000,0x00000000eaf80000,0x00000000eaf80000)
  from space 1024K, 99% used [0x00000000eb480000,0x00000000eb57eca0,0x00000000eb580000)
  to   space 5120K, 0% used [0x00000000eaf80000,0x00000000eaf80000,0x00000000eb480000)
 ParOldGen       total 225792K, used 168892K [0x00000000c0000000, 0x00000000cdc80000, 0x00000000eab00000)
  object space 225792K, 74% used [0x00000000c0000000,0x00000000ca4ef128,0x00000000cdc80000)
 Metaspace       used 90476K, committed 91520K, reserved 1138688K
  class space    used 8737K, committed 9216K, reserved 1048576K
}
Event: 11750.196 GC heap after
{Heap after GC invocations=10417 (full 338):
 PSYoungGen      total 7680K, used 2772K [0x00000000eab00000, 0x00000000eb680000, 0x0000000100000000)
  eden space 4608K, 0% used [0x00000000eab00000,0x00000000eab00000,0x00000000eaf80000)
  from space 3072K, 90% used [0x00000000eaf80000,0x00000000eb235200,0x00000000eb280000)
  to   space 3584K, 0% used [0x00000000eb300000,0x00000000eb300000,0x00000000eb680000)
 ParOldGen       total 225792K, used 169912K [0x00000000c0000000, 0x00000000cdc80000, 0x00000000eab00000)
  object space 225792K, 75% used [0x00000000c0000000,0x00000000ca5ee280,0x00000000cdc80000)
 Metaspace       used 90476K, committed 91520K, reserved 1138688K
  class space    used 8737K, committed 9216K, reserved 1048576K
}
Event: 11750.202 GC heap before
{Heap before GC invocations=10418 (full 338):
 PSYoungGen      total 7680K, used 7380K [0x00000000eab00000, 0x00000000eb680000, 0x0000000100000000)
  eden space 4608K, 100% used [0x00000000eab00000,0x00000000eaf80000,0x00000000eaf80000)
  from space 3072K, 90% used [0x00000000eaf80000,0x00000000eb235200,0x00000000eb280000)
  to   space 3584K, 0% used [0x00000000eb300000,0x00000000eb300000,0x00000000eb680000)
 ParOldGen       total 225792K, used 169912K [0x00000000c0000000, 0x00000000cdc80000, 0x00000000eab00000)
  object space 225792K, 75% used [0x00000000c0000000,0x00000000ca5ee280,0x00000000cdc80000)
 Metaspace       used 90476K, committed 91520K, reserved 1138688K
  class space    used 8737K, committed 9216K, reserved 1048576K
}
Event: 11750.210 GC heap after
{Heap after GC invocations=10418 (full 338):
 PSYoungGen      total 8704K, used 2688K [0x00000000eab00000, 0x00000000eb680000, 0x0000000100000000)
  eden space 5120K, 0% used [0x00000000eab00000,0x00000000eab00000,0x00000000eb000000)
  from space 3584K, 75% used [0x00000000eb300000,0x00000000eb5a0000,0x00000000eb680000)
  to   space 3072K, 0% used [0x00000000eb000000,0x00000000eb000000,0x00000000eb300000)
 ParOldGen       total 225792K, used 172149K [0x00000000c0000000, 0x00000000cdc80000, 0x00000000eab00000)
  object space 225792K, 76% used [0x00000000c0000000,0x00000000ca81d4e8,0x00000000cdc80000)
 Metaspace       used 90476K, committed 91520K, reserved 1138688K
  class space    used 8737K, committed 9216K, reserved 1048576K
}
Event: 11750.222 GC heap before
{Heap before GC invocations=10419 (full 338):
 PSYoungGen      total 8704K, used 7808K [0x00000000eab00000, 0x00000000eb680000, 0x0000000100000000)
  eden space 5120K, 100% used [0x00000000eab00000,0x00000000eb000000,0x00000000eb000000)
  from space 3584K, 75% used [0x00000000eb300000,0x00000000eb5a0000,0x00000000eb680000)
  to   space 3072K, 0% used [0x00000000eb000000,0x00000000eb000000,0x00000000eb300000)
 ParOldGen       total 225792K, used 172149K [0x00000000c0000000, 0x00000000cdc80000, 0x00000000eab00000)
  object space 225792K, 76% used [0x00000000c0000000,0x00000000ca81d4e8,0x00000000cdc80000)
 Metaspace       used 90476K, committed 91520K, reserved 1138688K
  class space    used 8737K, committed 9216K, reserved 1048576K
}

